<?xml version="1.0" encoding="UTF-8"?>
<testsuite name="TestPosition" tests="8" skipped="0" failures="0" errors="0" timestamp="2021-05-03T20:17:57" hostname="Kunjs-MacBook-Pro.local" time="0.003">
  <properties/>
  <testcase name="testPositionX" classname="TestPosition" time="0.001"/>
  <testcase name="testPositionY" classname="TestPosition" time="0.0"/>
  <testcase name="testConstructorX" classname="TestPosition" time="0.0"/>
  <testcase name="testConstructorY" classname="TestPosition" time="0.0"/>
  <testcase name="testSetPositionX" classname="TestPosition" time="0.0"/>
  <testcase name="testSetPositionY" classname="TestPosition" time="0.0"/>
  <testcase name="testIncrementX" classname="TestPosition" time="0.001"/>
  <testcase name="testIncrementY" classname="TestPosition" time="0.0"/>
  <system-out><![CDATA[]]></system-out>
  <system-err><![CDATA[]]></system-err>
</testsuite>
